2025-01-24 16:21:31,056 - INFO - Zamanlayıcı başlatıldı. İşlemler başlıyor...
2025-01-25 10:00:37,620 - INFO - API'ye istek gönderiliyor...
2025-01-25 10:00:38,772 - INFO - İstek gönderildi. Durum kodu: 200
2025-01-25 10:00:38,773 - INFO - API'den başarıyla veri alındı.
2025-01-25 10:00:38,773 - INFO - Veritabanına veri ekleniyor...
2025-01-25 10:00:38,823 - ERROR - Beklenmeyen bir hata oluştu: 1062 (23000): Duplicate entry 'IBM' for key 'company.symbol'
2025-01-25 14:40:30,820 - INFO - Zamanlayıcı başlatıldı. İşlemler başlıyor...
2025-01-25 14:42:00,141 - INFO - API'ye istek gönderiliyor...
2025-01-25 14:42:01,127 - INFO - İstek gönderildi. Durum kodu: 200
2025-01-25 14:42:01,128 - INFO - API'den başarıyla veri alındı.
2025-01-25 14:42:01,128 - INFO - Veritabanına veri ekleniyor...
2025-01-25 14:42:01,182 - ERROR - Beklenmeyen bir hata oluştu: 1045 (28000): Access denied for user 'root'@'localhost' (using password: YES)
2025-01-25 14:44:00,136 - INFO - Zamanlayıcı başlatıldı. İşlemler başlıyor...
2025-01-25 14:44:44,472 - INFO - Zamanlayıcı başlatıldı. İşlemler başlıyor...
2025-01-25 14:46:00,756 - INFO - API'ye istek gönderiliyor...
2025-01-25 14:46:01,482 - INFO - İstek gönderildi. Durum kodu: 200
2025-01-25 14:46:01,482 - INFO - API'den başarıyla veri alındı.
2025-01-25 14:46:01,482 - INFO - Veritabanına veri ekleniyor...
2025-01-25 14:46:01,509 - ERROR - Beklenmeyen bir hata oluştu: 1062 (23000): Duplicate entry 'IBM' for key 'company.symbol'
2025-01-25 14:50:46,879 - INFO - Zamanlayıcı başlatıldı. İşlemler başlıyor...
2025-01-25 14:51:00,935 - INFO - API'ye istek gönderiliyor...
2025-01-25 14:51:01,631 - INFO - İstek gönderildi. Durum kodu: 200
2025-01-25 14:51:01,631 - INFO - API'den başarıyla veri alındı.
2025-01-25 14:51:01,631 - INFO - Veritabanına veri ekleniyor...
2025-01-25 14:51:01,656 - ERROR - Beklenmeyen bir hata oluştu: 1452 (23000): Cannot add or update a child row: a foreign key constraint fails (`finance`.`stock_data`, CONSTRAINT `stock_data_ibfk_1` FOREIGN KEY (`company_id`) REFERENCES `company` (`id`))
2025-01-25 14:53:12,406 - INFO - Zamanlayıcı başlatıldı. İşlemler başlıyor...
2025-01-25 14:53:30,299 - INFO - Zamanlayıcı başlatıldı. İşlemler başlıyor...
2025-01-25 14:54:00,401 - INFO - API'ye istek gönderiliyor...
2025-01-25 14:54:01,224 - INFO - İstek gönderildi. Durum kodu: 200
2025-01-25 14:54:01,225 - INFO - API'den başarıyla veri alındı.
2025-01-25 14:54:01,225 - INFO - Veritabanına veri ekleniyor...
2025-01-25 14:54:01,366 - INFO - Veritabanına veri başarıyla eklendi.
